C:\USERS\ISABELLA\DOCUMENTS\VISUAL STUDIO 2010\PROJECTS\DIJKSTRA\DEBUG\DIJKSTRA.EXE
C:\USERS\ISABELLA\DOCUMENTS\VISUAL STUDIO 2010\PROJECTS\DIJKSTRA\DEBUG\DIJKSTRA.ILK
C:\USERS\ISABELLA\DOCUMENTS\VISUAL STUDIO 2010\PROJECTS\DIJKSTRA\DEBUG\DIJKSTRA.PDB
C:\USERS\ISABELLA\DOCUMENTS\VISUAL STUDIO 2010\PROJECTS\DIJKSTRA\DIJKSTRA\DEBUG\DATABASE.OBJ
C:\USERS\ISABELLA\DOCUMENTS\VISUAL STUDIO 2010\PROJECTS\DIJKSTRA\DIJKSTRA\DEBUG\DIJKSTRA.EXE.INTERMEDIATE.MANIFEST
C:\USERS\ISABELLA\DOCUMENTS\VISUAL STUDIO 2010\PROJECTS\DIJKSTRA\DIJKSTRA\DEBUG\DIJKSTRA.OBJ
C:\USERS\ISABELLA\DOCUMENTS\VISUAL STUDIO 2010\PROJECTS\DIJKSTRA\DIJKSTRA\DEBUG\MAIN.OBJ
C:\USERS\ISABELLA\DOCUMENTS\VISUAL STUDIO 2010\PROJECTS\DIJKSTRA\DIJKSTRA\DEBUG\PARSEXML.OBJ
C:\USERS\ISABELLA\DOCUMENTS\VISUAL STUDIO 2010\PROJECTS\DIJKSTRA\DIJKSTRA\DEBUG\STDAFX.OBJ
C:\USERS\ISABELLA\DOCUMENTS\VISUAL STUDIO 2010\PROJECTS\DIJKSTRA\DIJKSTRA\DEBUG\VC100.PDB
C:\USERS\ISABELLA\DOCUMENTS\VISUAL STUDIO 2010\PROJECTS\DIJKSTRA\DIJKSTRA\DEBUG\WINHTTPCLIENT.OBJ
C:\USERS\ISABELLA\DOCUMENTS\VISUAL STUDIO 2010\PROJECTS\DIJKSTRA-1\DIJKSTRA\DEBUG\DIJKSTRA.EXE
C:\USERS\ISABELLA\DOCUMENTS\VISUAL STUDIO 2010\PROJECTS\DIJKSTRA-1\DIJKSTRA\DEBUG\DIJKSTRA.ILK
C:\USERS\ISABELLA\DOCUMENTS\VISUAL STUDIO 2010\PROJECTS\DIJKSTRA-1\DIJKSTRA\DEBUG\DIJKSTRA.PDB
C:\Users\isabella\Documents\Visual Studio 2010\Projects\Dijkstra-1\Dijkstra\Dijkstra\Debug\cl.command.1.tlog
C:\Users\isabella\Documents\Visual Studio 2010\Projects\Dijkstra-1\Dijkstra\Dijkstra\Debug\CL.read.1.tlog
C:\Users\isabella\Documents\Visual Studio 2010\Projects\Dijkstra-1\Dijkstra\Dijkstra\Debug\CL.write.1.tlog
C:\USERS\ISABELLA\DOCUMENTS\VISUAL STUDIO 2010\PROJECTS\DIJKSTRA-1\DIJKSTRA\DIJKSTRA\DEBUG\DATABASE.OBJ
C:\USERS\ISABELLA\DOCUMENTS\VISUAL STUDIO 2010\PROJECTS\DIJKSTRA-1\DIJKSTRA\DIJKSTRA\DEBUG\DIJKSTRA.EXE.INTERMEDIATE.MANIFEST
C:\USERS\ISABELLA\DOCUMENTS\VISUAL STUDIO 2010\PROJECTS\DIJKSTRA-1\DIJKSTRA\DIJKSTRA\DEBUG\DIJKSTRA.OBJ
C:\Users\isabella\Documents\Visual Studio 2010\Projects\Dijkstra-1\Dijkstra\Dijkstra\Debug\Dijkstra.vcxprojResolveAssemblyReference.cache
C:\Users\isabella\Documents\Visual Studio 2010\Projects\Dijkstra-1\Dijkstra\Dijkstra\Debug\Dijkstra.write.1.tlog
C:\Users\isabella\Documents\Visual Studio 2010\Projects\Dijkstra-1\Dijkstra\Dijkstra\Debug\link.command.1.tlog
C:\Users\isabella\Documents\Visual Studio 2010\Projects\Dijkstra-1\Dijkstra\Dijkstra\Debug\link.read.1.tlog
C:\Users\isabella\Documents\Visual Studio 2010\Projects\Dijkstra-1\Dijkstra\Dijkstra\Debug\link.write.1.tlog
C:\USERS\ISABELLA\DOCUMENTS\VISUAL STUDIO 2010\PROJECTS\DIJKSTRA-1\DIJKSTRA\DIJKSTRA\DEBUG\MAIN.OBJ
C:\Users\isabella\Documents\Visual Studio 2010\Projects\Dijkstra-1\Dijkstra\Dijkstra\Debug\mt.command.1.tlog
C:\Users\isabella\Documents\Visual Studio 2010\Projects\Dijkstra-1\Dijkstra\Dijkstra\Debug\mt.read.1.tlog
C:\Users\isabella\Documents\Visual Studio 2010\Projects\Dijkstra-1\Dijkstra\Dijkstra\Debug\mt.write.1.tlog
C:\USERS\ISABELLA\DOCUMENTS\VISUAL STUDIO 2010\PROJECTS\DIJKSTRA-1\DIJKSTRA\DIJKSTRA\DEBUG\PARSEXML.OBJ
C:\Users\isabella\Documents\Visual Studio 2010\Projects\Dijkstra-1\Dijkstra\Dijkstra\Debug\stdafx.obj
C:\Users\isabella\Documents\Visual Studio 2010\Projects\Dijkstra-1\Dijkstra\Dijkstra\Debug\vc100.idb
C:\USERS\ISABELLA\DOCUMENTS\VISUAL STUDIO 2010\PROJECTS\DIJKSTRA-1\DIJKSTRA\DIJKSTRA\DEBUG\VC100.PDB
C:\Users\isabella\Documents\Visual Studio 2010\Projects\Dijkstra-1\Dijkstra\Dijkstra\Debug\WinHttpClient.obj
